<?xml version="1.0" encoding="UTF-8"?>
<testsuite xmlns:xsi="http://www.w3.org/2001/XMLSchema-instance" xsi:noNamespaceSchemaLocation="https://maven.apache.org/surefire/maven-surefire-plugin/xsd/surefire-test-report.xsd" name="test.java.ua.lviv.iot.enkefa_lab.manager.ServiceManagerUtilityTest" time="0.014" tests="5" errors="0" skipped="0" failures="0">
  <properties>
[...]
</properties>
  <testcase name="testServiceSortByInterestRateLambdaStyle" classname="test.java.ua.lviv.iot.enkefa_lab.manager.ServiceManagerUtilityTest" time="0"/>
  <testcase name="testServiceSortByDurationAndInterestRate" classname="test.java.ua.lviv.iot.enkefa_lab.manager.ServiceManagerUtilityTest" time="0"/>
  <testcase name="testSortServiceByInterestRate" classname="test.java.ua.lviv.iot.enkefa_lab.manager.ServiceManagerUtilityTest" time="0"/>
  <testcase name="testSortServiceByDuration" classname="test.java.ua.lviv.iot.enkefa_lab.manager.ServiceManagerUtilityTest" time="0.005"/>
  <testcase name="testSortServicesByInterestRate" classname="test.java.ua.lviv.iot.enkefa_lab.manager.ServiceManagerUtilityTest" time="0.003"/>
</testsuite>